Построение начато 30.07.2020 8:41:06.
     1>Проект "C:\Users\Михаил\Documents\Решения на C++\ПНАОКИШ\Practice\Practice\Practice.vcxproj" в узле 2 (целевые объекты Build).
     1>ClCompile:
         C:\Program Files (x86)\Microsoft Visual Studio 11.0\VC\bin\CL.exe /c /ZI /nologo /W3 /WX- /Od /Oy- /D _MBCS /Gm /EHsc /RTC1 /MDd /GS /fp:precise /Zc:wchar_t /Zc:forScope /Fo"Debug\\" /Fd"Debug\vc110.pdb" /Gd /TP /analyze- /errorReport:prompt GetTypeFix.cpp PrintDBTable1.cpp ReadDBTableTxt1.cpp RemoveRow.cpp SelfRows1.cpp TypeAndStringUtils.cpp WriteDBTableTxt1.cpp
         GetTypeFix.cpp
         Создание кода...
         Пропуск... (изменения не обнаружены)
         WriteDBTableTxt1.cpp
         TypeAndStringUtils.cpp
         SelfRows1.cpp
         RemoveRow.cpp
         ReadDBTableTxt1.cpp
         PrintDBTable1.cpp
       Lib:
         C:\Program Files (x86)\Microsoft Visual Studio 11.0\VC\bin\Lib.exe /OUT:"C:\Users\Михаил\Documents\Решения на C++\ПНАОКИШ\Practice\Debug\Practice.lib" /NOLOGO Debug\GetTypeFix.obj
         Debug\PrintDBTable1.obj
         Debug\ReadDBTableTxt1.obj
         Debug\RemoveRow.obj
         Debug\SelfRows1.obj
         Debug\TypeAndStringUtils.obj
         Debug\WriteDBTableTxt1.obj
         dbmsLib_v1.lib
         Practice.vcxproj -> C:\Users\Михаил\Documents\Решения на C++\ПНАОКИШ\Practice\Debug\Practice.lib
     1>Построение проекта "C:\Users\Михаил\Documents\Решения на C++\ПНАОКИШ\Practice\Practice\Practice.vcxproj" завершено (целевые объекты Build).

Построение успешно завершено.

Затраченное время: 00:00:04.05
