C:\USERS\TOBAR\DOCUMENTS\МГТУ ДЗ и прочее\Программирование\ПНАОКИШ\PRACTICE\PRACTICE\DEBUG\TESTDB.OBJ
C:\USERS\TOBAR\DOCUMENTS\МГТУ ДЗ И ПРОЧЕЕ\ПРОГРАММИРОВАНИЕ\ПНАОКИШ\PRACTICE\PRACTICE\DEBUG\VC110.PDB
C:\Users\Tobar\Documents\МГТУ ДЗ и прочее\Программирование\ПНАОКИШ\Practice\Practice\Debug\testDB.obj
C:\Users\Tobar\Documents\МГТУ ДЗ и прочее\Программирование\ПНАОКИШ\Practice\Practice\Debug\cl.command.1.tlog
C:\Users\Tobar\Documents\МГТУ ДЗ и прочее\Программирование\ПНАОКИШ\Practice\Practice\Debug\CL.read.1.tlog
C:\Users\Tobar\Documents\МГТУ ДЗ и прочее\Программирование\ПНАОКИШ\Practice\Practice\Debug\CL.write.1.tlog
C:\Users\Tobar\Documents\МГТУ ДЗ и прочее\Программирование\ПНАОКИШ\Practice\Practice\Debug\link-cvtres.read.1.tlog
C:\Users\Tobar\Documents\МГТУ ДЗ и прочее\Программирование\ПНАОКИШ\Practice\Practice\Debug\link-cvtres.write.1.tlog
C:\Users\Tobar\Documents\МГТУ ДЗ и прочее\Программирование\ПНАОКИШ\Practice\Practice\Debug\link-rc.read.1.tlog
C:\Users\Tobar\Documents\МГТУ ДЗ и прочее\Программирование\ПНАОКИШ\Practice\Practice\Debug\link-rc.write.1.tlog
C:\Users\Tobar\Documents\МГТУ ДЗ и прочее\Программирование\ПНАОКИШ\Practice\Practice\Debug\link.10028-cvtres.read.1.tlog
C:\Users\Tobar\Documents\МГТУ ДЗ и прочее\Программирование\ПНАОКИШ\Practice\Practice\Debug\link.10028-cvtres.write.1.tlog
C:\Users\Tobar\Documents\МГТУ ДЗ и прочее\Программирование\ПНАОКИШ\Practice\Practice\Debug\link.10028-rc.read.1.tlog
C:\Users\Tobar\Documents\МГТУ ДЗ и прочее\Программирование\ПНАОКИШ\Practice\Practice\Debug\link.10028-rc.write.1.tlog
C:\Users\Tobar\Documents\МГТУ ДЗ и прочее\Программирование\ПНАОКИШ\Practice\Practice\Debug\link.10028.read.1.tlog
C:\Users\Tobar\Documents\МГТУ ДЗ и прочее\Программирование\ПНАОКИШ\Practice\Practice\Debug\link.10028.read.2.tlog
C:\Users\Tobar\Documents\МГТУ ДЗ и прочее\Программирование\ПНАОКИШ\Practice\Practice\Debug\link.10028.write.1.tlog
C:\Users\Tobar\Documents\МГТУ ДЗ и прочее\Программирование\ПНАОКИШ\Practice\Practice\Debug\link.10748-cvtres.read.1.tlog
C:\Users\Tobar\Documents\МГТУ ДЗ и прочее\Программирование\ПНАОКИШ\Practice\Practice\Debug\link.10748-cvtres.write.1.tlog
C:\Users\Tobar\Documents\МГТУ ДЗ и прочее\Программирование\ПНАОКИШ\Practice\Practice\Debug\link.10748-rc.read.1.tlog
C:\Users\Tobar\Documents\МГТУ ДЗ и прочее\Программирование\ПНАОКИШ\Practice\Practice\Debug\link.10748-rc.write.1.tlog
C:\Users\Tobar\Documents\МГТУ ДЗ и прочее\Программирование\ПНАОКИШ\Practice\Practice\Debug\link.10748.read.1.tlog
C:\Users\Tobar\Documents\МГТУ ДЗ и прочее\Программирование\ПНАОКИШ\Practice\Practice\Debug\link.10748.read.2.tlog
C:\Users\Tobar\Documents\МГТУ ДЗ и прочее\Программирование\ПНАОКИШ\Practice\Practice\Debug\link.10748.write.1.tlog
C:\Users\Tobar\Documents\МГТУ ДЗ и прочее\Программирование\ПНАОКИШ\Practice\Practice\Debug\link.12008-cvtres.read.1.tlog
C:\Users\Tobar\Documents\МГТУ ДЗ и прочее\Программирование\ПНАОКИШ\Practice\Practice\Debug\link.12008-cvtres.write.1.tlog
C:\Users\Tobar\Documents\МГТУ ДЗ и прочее\Программирование\ПНАОКИШ\Practice\Practice\Debug\link.12008-rc.read.1.tlog
C:\Users\Tobar\Documents\МГТУ ДЗ и прочее\Программирование\ПНАОКИШ\Practice\Practice\Debug\link.12008-rc.write.1.tlog
C:\Users\Tobar\Documents\МГТУ ДЗ и прочее\Программирование\ПНАОКИШ\Practice\Practice\Debug\link.12008.read.1.tlog
C:\Users\Tobar\Documents\МГТУ ДЗ и прочее\Программирование\ПНАОКИШ\Practice\Practice\Debug\link.12008.write.1.tlog
C:\Users\Tobar\Documents\МГТУ ДЗ и прочее\Программирование\ПНАОКИШ\Practice\Practice\Debug\link.12912-cvtres.read.1.tlog
C:\Users\Tobar\Documents\МГТУ ДЗ и прочее\Программирование\ПНАОКИШ\Practice\Practice\Debug\link.12912-cvtres.write.1.tlog
C:\Users\Tobar\Documents\МГТУ ДЗ и прочее\Программирование\ПНАОКИШ\Practice\Practice\Debug\link.12912-rc.read.1.tlog
C:\Users\Tobar\Documents\МГТУ ДЗ и прочее\Программирование\ПНАОКИШ\Practice\Practice\Debug\link.12912-rc.write.1.tlog
C:\Users\Tobar\Documents\МГТУ ДЗ и прочее\Программирование\ПНАОКИШ\Practice\Practice\Debug\link.12912.read.1.tlog
C:\Users\Tobar\Documents\МГТУ ДЗ и прочее\Программирование\ПНАОКИШ\Practice\Practice\Debug\link.12912.read.2.tlog
C:\Users\Tobar\Documents\МГТУ ДЗ и прочее\Программирование\ПНАОКИШ\Practice\Practice\Debug\link.12912.write.1.tlog
C:\Users\Tobar\Documents\МГТУ ДЗ и прочее\Программирование\ПНАОКИШ\Practice\Practice\Debug\link.12972-cvtres.read.1.tlog
C:\Users\Tobar\Documents\МГТУ ДЗ и прочее\Программирование\ПНАОКИШ\Practice\Practice\Debug\link.12972-cvtres.write.1.tlog
C:\Users\Tobar\Documents\МГТУ ДЗ и прочее\Программирование\ПНАОКИШ\Practice\Practice\Debug\link.12972-rc.read.1.tlog
C:\Users\Tobar\Documents\МГТУ ДЗ и прочее\Программирование\ПНАОКИШ\Practice\Practice\Debug\link.12972-rc.write.1.tlog
C:\Users\Tobar\Documents\МГТУ ДЗ и прочее\Программирование\ПНАОКИШ\Practice\Practice\Debug\link.12972.read.1.tlog
C:\Users\Tobar\Documents\МГТУ ДЗ и прочее\Программирование\ПНАОКИШ\Practice\Practice\Debug\link.12972.write.1.tlog
C:\Users\Tobar\Documents\МГТУ ДЗ и прочее\Программирование\ПНАОКИШ\Practice\Practice\Debug\link.13176-cvtres.read.1.tlog
C:\Users\Tobar\Documents\МГТУ ДЗ и прочее\Программирование\ПНАОКИШ\Practice\Practice\Debug\link.13176-cvtres.write.1.tlog
C:\Users\Tobar\Documents\МГТУ ДЗ и прочее\Программирование\ПНАОКИШ\Practice\Practice\Debug\link.13176-rc.read.1.tlog
C:\Users\Tobar\Documents\МГТУ ДЗ и прочее\Программирование\ПНАОКИШ\Practice\Practice\Debug\link.13176-rc.write.1.tlog
C:\Users\Tobar\Documents\МГТУ ДЗ и прочее\Программирование\ПНАОКИШ\Practice\Practice\Debug\link.13176.read.1.tlog
C:\Users\Tobar\Documents\МГТУ ДЗ и прочее\Программирование\ПНАОКИШ\Practice\Practice\Debug\link.13176.read.2.tlog
C:\Users\Tobar\Documents\МГТУ ДЗ и прочее\Программирование\ПНАОКИШ\Practice\Practice\Debug\link.13176.write.1.tlog
C:\Users\Tobar\Documents\МГТУ ДЗ и прочее\Программирование\ПНАОКИШ\Practice\Practice\Debug\link.15628-cvtres.read.1.tlog
C:\Users\Tobar\Documents\МГТУ ДЗ и прочее\Программирование\ПНАОКИШ\Practice\Practice\Debug\link.15628-cvtres.write.1.tlog
C:\Users\Tobar\Documents\МГТУ ДЗ и прочее\Программирование\ПНАОКИШ\Practice\Practice\Debug\link.15628-rc.read.1.tlog
C:\Users\Tobar\Documents\МГТУ ДЗ и прочее\Программирование\ПНАОКИШ\Practice\Practice\Debug\link.15628-rc.write.1.tlog
C:\Users\Tobar\Documents\МГТУ ДЗ и прочее\Программирование\ПНАОКИШ\Practice\Practice\Debug\link.15628.read.1.tlog
C:\Users\Tobar\Documents\МГТУ ДЗ и прочее\Программирование\ПНАОКИШ\Practice\Practice\Debug\link.15628.read.2.tlog
C:\Users\Tobar\Documents\МГТУ ДЗ и прочее\Программирование\ПНАОКИШ\Practice\Practice\Debug\link.15628.write.1.tlog
C:\Users\Tobar\Documents\МГТУ ДЗ и прочее\Программирование\ПНАОКИШ\Practice\Practice\Debug\link.16636-cvtres.read.1.tlog
C:\Users\Tobar\Documents\МГТУ ДЗ и прочее\Программирование\ПНАОКИШ\Practice\Practice\Debug\link.16636-cvtres.write.1.tlog
C:\Users\Tobar\Documents\МГТУ ДЗ и прочее\Программирование\ПНАОКИШ\Practice\Practice\Debug\link.16636-rc.read.1.tlog
C:\Users\Tobar\Documents\МГТУ ДЗ и прочее\Программирование\ПНАОКИШ\Practice\Practice\Debug\link.16636-rc.write.1.tlog
C:\Users\Tobar\Documents\МГТУ ДЗ и прочее\Программирование\ПНАОКИШ\Practice\Practice\Debug\link.16636.read.1.tlog
C:\Users\Tobar\Documents\МГТУ ДЗ и прочее\Программирование\ПНАОКИШ\Practice\Practice\Debug\link.16636.read.2.tlog
C:\Users\Tobar\Documents\МГТУ ДЗ и прочее\Программирование\ПНАОКИШ\Practice\Practice\Debug\link.16636.write.1.tlog
C:\Users\Tobar\Documents\МГТУ ДЗ и прочее\Программирование\ПНАОКИШ\Practice\Practice\Debug\link.17192-cvtres.read.1.tlog
C:\Users\Tobar\Documents\МГТУ ДЗ и прочее\Программирование\ПНАОКИШ\Practice\Practice\Debug\link.17192-cvtres.write.1.tlog
C:\Users\Tobar\Documents\МГТУ ДЗ и прочее\Программирование\ПНАОКИШ\Practice\Practice\Debug\link.17192-rc.read.1.tlog
C:\Users\Tobar\Documents\МГТУ ДЗ и прочее\Программирование\ПНАОКИШ\Practice\Practice\Debug\link.17192-rc.write.1.tlog
C:\Users\Tobar\Documents\МГТУ ДЗ и прочее\Программирование\ПНАОКИШ\Practice\Practice\Debug\link.17192.read.1.tlog
C:\Users\Tobar\Documents\МГТУ ДЗ и прочее\Программирование\ПНАОКИШ\Practice\Practice\Debug\link.17192.read.2.tlog
C:\Users\Tobar\Documents\МГТУ ДЗ и прочее\Программирование\ПНАОКИШ\Practice\Practice\Debug\link.17192.write.1.tlog
C:\Users\Tobar\Documents\МГТУ ДЗ и прочее\Программирование\ПНАОКИШ\Practice\Practice\Debug\link.18260-cvtres.read.1.tlog
C:\Users\Tobar\Documents\МГТУ ДЗ и прочее\Программирование\ПНАОКИШ\Practice\Practice\Debug\link.18260-cvtres.write.1.tlog
C:\Users\Tobar\Documents\МГТУ ДЗ и прочее\Программирование\ПНАОКИШ\Practice\Practice\Debug\link.18260-rc.read.1.tlog
C:\Users\Tobar\Documents\МГТУ ДЗ и прочее\Программирование\ПНАОКИШ\Practice\Practice\Debug\link.18260-rc.write.1.tlog
C:\Users\Tobar\Documents\МГТУ ДЗ и прочее\Программирование\ПНАОКИШ\Practice\Practice\Debug\link.18260.read.1.tlog
C:\Users\Tobar\Documents\МГТУ ДЗ и прочее\Программирование\ПНАОКИШ\Practice\Practice\Debug\link.18260.read.2.tlog
C:\Users\Tobar\Documents\МГТУ ДЗ и прочее\Программирование\ПНАОКИШ\Practice\Practice\Debug\link.18260.write.1.tlog
C:\Users\Tobar\Documents\МГТУ ДЗ и прочее\Программирование\ПНАОКИШ\Practice\Practice\Debug\link.1880-cvtres.read.1.tlog
C:\Users\Tobar\Documents\МГТУ ДЗ и прочее\Программирование\ПНАОКИШ\Practice\Practice\Debug\link.1880-cvtres.write.1.tlog
C:\Users\Tobar\Documents\МГТУ ДЗ и прочее\Программирование\ПНАОКИШ\Practice\Practice\Debug\link.1880-rc.read.1.tlog
C:\Users\Tobar\Documents\МГТУ ДЗ и прочее\Программирование\ПНАОКИШ\Practice\Practice\Debug\link.1880-rc.write.1.tlog
C:\Users\Tobar\Documents\МГТУ ДЗ и прочее\Программирование\ПНАОКИШ\Practice\Practice\Debug\link.1880.read.1.tlog
C:\Users\Tobar\Documents\МГТУ ДЗ и прочее\Программирование\ПНАОКИШ\Practice\Practice\Debug\link.1880.read.2.tlog
C:\Users\Tobar\Documents\МГТУ ДЗ и прочее\Программирование\ПНАОКИШ\Practice\Practice\Debug\link.1880.write.1.tlog
C:\Users\Tobar\Documents\МГТУ ДЗ и прочее\Программирование\ПНАОКИШ\Practice\Practice\Debug\link.3480-cvtres.read.1.tlog
C:\Users\Tobar\Documents\МГТУ ДЗ и прочее\Программирование\ПНАОКИШ\Practice\Practice\Debug\link.3480-cvtres.write.1.tlog
C:\Users\Tobar\Documents\МГТУ ДЗ и прочее\Программирование\ПНАОКИШ\Practice\Practice\Debug\link.3480-rc.read.1.tlog
C:\Users\Tobar\Documents\МГТУ ДЗ и прочее\Программирование\ПНАОКИШ\Practice\Practice\Debug\link.3480-rc.write.1.tlog
C:\Users\Tobar\Documents\МГТУ ДЗ и прочее\Программирование\ПНАОКИШ\Practice\Practice\Debug\link.3480.read.1.tlog
C:\Users\Tobar\Documents\МГТУ ДЗ и прочее\Программирование\ПНАОКИШ\Practice\Practice\Debug\link.3480.read.2.tlog
C:\Users\Tobar\Documents\МГТУ ДЗ и прочее\Программирование\ПНАОКИШ\Practice\Practice\Debug\link.3480.write.1.tlog
C:\Users\Tobar\Documents\МГТУ ДЗ и прочее\Программирование\ПНАОКИШ\Practice\Practice\Debug\link.3812-cvtres.read.1.tlog
C:\Users\Tobar\Documents\МГТУ ДЗ и прочее\Программирование\ПНАОКИШ\Practice\Practice\Debug\link.3812-cvtres.write.1.tlog
C:\Users\Tobar\Documents\МГТУ ДЗ и прочее\Программирование\ПНАОКИШ\Practice\Practice\Debug\link.3812-rc.read.1.tlog
C:\Users\Tobar\Documents\МГТУ ДЗ и прочее\Программирование\ПНАОКИШ\Practice\Practice\Debug\link.3812-rc.write.1.tlog
C:\Users\Tobar\Documents\МГТУ ДЗ и прочее\Программирование\ПНАОКИШ\Practice\Practice\Debug\link.3812.read.1.tlog
C:\Users\Tobar\Documents\МГТУ ДЗ и прочее\Программирование\ПНАОКИШ\Practice\Practice\Debug\link.3812.read.2.tlog
C:\Users\Tobar\Documents\МГТУ ДЗ и прочее\Программирование\ПНАОКИШ\Practice\Practice\Debug\link.3812.write.1.tlog
C:\Users\Tobar\Documents\МГТУ ДЗ и прочее\Программирование\ПНАОКИШ\Practice\Practice\Debug\link.828-cvtres.read.1.tlog
C:\Users\Tobar\Documents\МГТУ ДЗ и прочее\Программирование\ПНАОКИШ\Practice\Practice\Debug\link.828-cvtres.write.1.tlog
C:\Users\Tobar\Documents\МГТУ ДЗ и прочее\Программирование\ПНАОКИШ\Practice\Practice\Debug\link.828-rc.read.1.tlog
C:\Users\Tobar\Documents\МГТУ ДЗ и прочее\Программирование\ПНАОКИШ\Practice\Practice\Debug\link.828-rc.write.1.tlog
C:\Users\Tobar\Documents\МГТУ ДЗ и прочее\Программирование\ПНАОКИШ\Practice\Practice\Debug\link.828.read.1.tlog
C:\Users\Tobar\Documents\МГТУ ДЗ и прочее\Программирование\ПНАОКИШ\Practice\Practice\Debug\link.828.read.2.tlog
C:\Users\Tobar\Documents\МГТУ ДЗ и прочее\Программирование\ПНАОКИШ\Practice\Practice\Debug\link.828.write.1.tlog
C:\Users\Tobar\Documents\МГТУ ДЗ и прочее\Программирование\ПНАОКИШ\Practice\Practice\Debug\link.command.1.tlog
C:\Users\Tobar\Documents\МГТУ ДЗ и прочее\Программирование\ПНАОКИШ\Practice\Practice\Debug\link.read.1.tlog
C:\Users\Tobar\Documents\МГТУ ДЗ и прочее\Программирование\ПНАОКИШ\Practice\Practice\Debug\link.read.2.tlog
C:\Users\Tobar\Documents\МГТУ ДЗ и прочее\Программирование\ПНАОКИШ\Practice\Practice\Debug\link.write.1.tlog
C:\Users\Tobar\Documents\МГТУ ДЗ и прочее\Программирование\ПНАОКИШ\Practice\Practice\Debug\vc110.idb
C:\Users\Tobar\Documents\МГТУ ДЗ и прочее\Программирование\ПНАОКИШ\Practice\Practice\Debug\vc110.pdb
C:\Users\Tobar\Documents\МГТУ ДЗ и прочее\Программирование\ПНАОКИШ\Practice\Debug\Practice.pdb
