  pch.cpp
  my_stack.cpp
C:\Users\Михаил\Documents\Решения на C++\ПНАОКИШ\Лабораторная 4\Stack\Stack\my_stack.cpp(8,8): error C2988: неопознанное объявление или определение шаблона
C:\Users\Михаил\Documents\Решения на C++\ПНАОКИШ\Лабораторная 4\Stack\Stack\my_stack.cpp(8,8): error C2143: синтаксическая ошибка: отсутствие ";" перед "<"
C:\Users\Михаил\Documents\Решения на C++\ПНАОКИШ\Лабораторная 4\Stack\Stack\my_stack.cpp(8,8): error C2059: синтаксическая ошибка: <
C:\Users\Михаил\Documents\Решения на C++\ПНАОКИШ\Лабораторная 4\Stack\Stack\my_stack.cpp(8,15): error C2039: MyStack: не является членом "`global namespace'"
C:\Users\Михаил\Documents\Решения на C++\ПНАОКИШ\Лабораторная 4\Stack\Stack\my_stack.cpp(8,29): error C2143: синтаксическая ошибка: отсутствие ";" перед "{"
C:\Users\Михаил\Documents\Решения на C++\ПНАОКИШ\Лабораторная 4\Stack\Stack\my_stack.cpp(8,29): error C2447: {: отсутствует заголовок функции (возможно, используется формальный список старого типа)
C:\Users\Михаил\Documents\Решения на C++\ПНАОКИШ\Лабораторная 4\Stack\Stack\my_stack.cpp(14,8): error C2988: неопознанное объявление или определение шаблона
C:\Users\Михаил\Documents\Решения на C++\ПНАОКИШ\Лабораторная 4\Stack\Stack\my_stack.cpp(14,8): error C2143: синтаксическая ошибка: отсутствие ";" перед "<"
C:\Users\Михаил\Documents\Решения на C++\ПНАОКИШ\Лабораторная 4\Stack\Stack\my_stack.cpp(14,8): error C2059: синтаксическая ошибка: <
C:\Users\Михаил\Documents\Решения на C++\ПНАОКИШ\Лабораторная 4\Stack\Stack\my_stack.cpp(14,30): error C2523:: :~MyStack: несовпадение тегов деструктор
C:\Users\Михаил\Documents\Решения на C++\ПНАОКИШ\Лабораторная 4\Stack\Stack\my_stack.cpp(14,16): error C2039: MyStack: не является членом "`global namespace'"
C:\Users\Михаил\Documents\Решения на C++\ПНАОКИШ\Лабораторная 4\Stack\Stack\my_stack.cpp(14,30): error C2143: синтаксическая ошибка: отсутствие ";" перед "{"
C:\Users\Михаил\Documents\Решения на C++\ПНАОКИШ\Лабораторная 4\Stack\Stack\my_stack.cpp(14,30): error C2447: {: отсутствует заголовок функции (возможно, используется формальный список старого типа)
C:\Users\Михаил\Documents\Решения на C++\ПНАОКИШ\Лабораторная 4\Stack\Stack\my_stack.cpp(23,13): error C2988: неопознанное объявление или определение шаблона
C:\Users\Михаил\Documents\Решения на C++\ПНАОКИШ\Лабораторная 4\Stack\Stack\my_stack.cpp(23,13): error C2143: синтаксическая ошибка: отсутствие ";" перед "<"
C:\Users\Михаил\Documents\Решения на C++\ПНАОКИШ\Лабораторная 4\Stack\Stack\my_stack.cpp(23,13): error C2059: синтаксическая ошибка: <
C:\Users\Михаил\Documents\Решения на C++\ПНАОКИШ\Лабораторная 4\Stack\Stack\my_stack.cpp(23,20): error C2039: empty: не является членом "`global namespace'"
C:\Users\Михаил\Documents\Решения на C++\ПНАОКИШ\Лабораторная 4\Stack\Stack\my_stack.cpp(23,32): error C2143: синтаксическая ошибка: отсутствие ";" перед "{"
C:\Users\Михаил\Documents\Решения на C++\ПНАОКИШ\Лабораторная 4\Stack\Stack\my_stack.cpp(23,32): error C2447: {: отсутствует заголовок функции (возможно, используется формальный список старого типа)
C:\Users\Михаил\Documents\Решения на C++\ПНАОКИШ\Лабораторная 4\Stack\Stack\my_stack.cpp(28,13): error C2988: неопознанное объявление или определение шаблона
C:\Users\Михаил\Documents\Решения на C++\ПНАОКИШ\Лабораторная 4\Stack\Stack\my_stack.cpp(28,13): error C2143: синтаксическая ошибка: отсутствие ";" перед "<"
C:\Users\Михаил\Documents\Решения на C++\ПНАОКИШ\Лабораторная 4\Stack\Stack\my_stack.cpp(28,6): error C2374: MyStack: переопределение; множественная инициализация
C:\Users\Михаил\Documents\Решения на C++\ПНАОКИШ\Лабораторная 4\Stack\Stack\my_stack.cpp(23): message : см. объявление "MyStack"
C:\Users\Михаил\Documents\Решения на C++\ПНАОКИШ\Лабораторная 4\Stack\Stack\my_stack.cpp(28,13): error C2059: синтаксическая ошибка: <
C:\Users\Михаил\Documents\Решения на C++\ПНАОКИШ\Лабораторная 4\Stack\Stack\my_stack.cpp(28,20): error C2039: push: не является членом "`global namespace'"
C:\Users\Михаил\Documents\Решения на C++\ПНАОКИШ\Лабораторная 4\Stack\Stack\my_stack.cpp(28,35): error C2143: синтаксическая ошибка: отсутствие ";" перед "{"
C:\Users\Михаил\Documents\Решения на C++\ПНАОКИШ\Лабораторная 4\Stack\Stack\my_stack.cpp(28,35): error C2447: {: отсутствует заголовок функции (возможно, используется формальный список старого типа)
C:\Users\Михаил\Documents\Решения на C++\ПНАОКИШ\Лабораторная 4\Stack\Stack\my_stack.cpp(37,13): error C2988: неопознанное объявление или определение шаблона
C:\Users\Михаил\Documents\Решения на C++\ПНАОКИШ\Лабораторная 4\Stack\Stack\my_stack.cpp(37,13): error C2143: синтаксическая ошибка: отсутствие ";" перед "<"
C:\Users\Михаил\Documents\Решения на C++\ПНАОКИШ\Лабораторная 4\Stack\Stack\my_stack.cpp(37,6): error C2374: MyStack: переопределение; множественная инициализация
C:\Users\Михаил\Documents\Решения на C++\ПНАОКИШ\Лабораторная 4\Stack\Stack\my_stack.cpp(23): message : см. объявление "MyStack"
C:\Users\Михаил\Documents\Решения на C++\ПНАОКИШ\Лабораторная 4\Stack\Stack\my_stack.cpp(37,13): error C2059: синтаксическая ошибка: <
C:\Users\Михаил\Documents\Решения на C++\ПНАОКИШ\Лабораторная 4\Stack\Stack\my_stack.cpp(37,20): error C2039: pop: не является членом "`global namespace'"
C:\Users\Михаил\Documents\Решения на C++\ПНАОКИШ\Лабораторная 4\Stack\Stack\my_stack.cpp(37,30): error C2143: синтаксическая ошибка: отсутствие ";" перед "{"
C:\Users\Михаил\Documents\Решения на C++\ПНАОКИШ\Лабораторная 4\Stack\Stack\my_stack.cpp(37,30): error C2447: {: отсутствует заголовок функции (возможно, используется формальный список старого типа)
C:\Users\Михаил\Documents\Решения на C++\ПНАОКИШ\Лабораторная 4\Stack\Stack\my_stack.cpp(49,13): error C2988: неопознанное объявление или определение шаблона
C:\Users\Михаил\Documents\Решения на C++\ПНАОКИШ\Лабораторная 4\Stack\Stack\my_stack.cpp(49,13): error C2143: синтаксическая ошибка: отсутствие ";" перед "<"
C:\Users\Михаил\Documents\Решения на C++\ПНАОКИШ\Лабораторная 4\Stack\Stack\my_stack.cpp(49,6): error C2040: MyStack: "INF *" отличается по уровням косвенного обращения от "bool"
C:\Users\Михаил\Documents\Решения на C++\ПНАОКИШ\Лабораторная 4\Stack\Stack\my_stack.cpp(49,13): error C2059: синтаксическая ошибка: <
C:\Users\Михаил\Documents\Решения на C++\ПНАОКИШ\Лабораторная 4\Stack\Stack\my_stack.cpp(49,20): error C2039: top_inf: не является членом "`global namespace'"
C:\Users\Михаил\Documents\Решения на C++\ПНАОКИШ\Лабораторная 4\Stack\Stack\my_stack.cpp(49,34): error C2143: синтаксическая ошибка: отсутствие ";" перед "{"
C:\Users\Михаил\Documents\Решения на C++\ПНАОКИШ\Лабораторная 4\Stack\Stack\my_stack.cpp(49,34): error C2447: {: отсутствует заголовок функции (возможно, используется формальный список старого типа)
