e:\мгту\4 сем\winapi\лабораторная 1\лабораторная 1\debug\vc142.pdb
e:\мгту\4 сем\winapi\лабораторная 1\лабораторная 1\debug\vc142.idb
e:\мгту\4 сем\winapi\лабораторная 1\лабораторная 1\debug\лабораторная 1.obj
c:\users\михаил\documents\мгту дз и прочие\4 сем\winapi\лабораторная 1\лабораторная 1\debug\vc142.pdb
c:\users\михаил\documents\мгту дз и прочие\4 сем\winapi\лабораторная 1\лабораторная 1\debug\vc142.idb
c:\users\михаил\documents\мгту дз и прочие\4 сем\winapi\лабораторная 1\лабораторная 1\debug\лабораторная 1.obj
e:\мгту\4 сем\winapi\лабораторная 1\debug\лабораторная 1.ilk
e:\мгту\4 сем\winapi\лабораторная 1\debug\лабораторная 1.exe
e:\мгту\4 сем\winapi\лабораторная 1\debug\лабораторная 1.pdb
c:\users\михаил\documents\мгту дз и прочие\4 сем\winapi\лабораторная 1\debug\лабораторная 1.pdb
c:\users\михаил\documents\мгту дз и прочие\4 сем\winapi\лабораторная 1\лабораторная 1\debug\лабораторная 1.tlog\cl.command.1.tlog
c:\users\михаил\documents\мгту дз и прочие\4 сем\winapi\лабораторная 1\лабораторная 1\debug\лабораторная 1.tlog\cl.read.1.tlog
c:\users\михаил\documents\мгту дз и прочие\4 сем\winapi\лабораторная 1\лабораторная 1\debug\лабораторная 1.tlog\cl.write.1.tlog
c:\users\михаил\documents\мгту дз и прочие\4 сем\winapi\лабораторная 1\лабораторная 1\debug\лабораторная 1.tlog\link.15912-cvtres.read.1.tlog
c:\users\михаил\documents\мгту дз и прочие\4 сем\winapi\лабораторная 1\лабораторная 1\debug\лабораторная 1.tlog\link.15912-cvtres.write.1.tlog
c:\users\михаил\documents\мгту дз и прочие\4 сем\winapi\лабораторная 1\лабораторная 1\debug\лабораторная 1.tlog\link.15912-rc.read.1.tlog
c:\users\михаил\documents\мгту дз и прочие\4 сем\winapi\лабораторная 1\лабораторная 1\debug\лабораторная 1.tlog\link.15912-rc.write.1.tlog
c:\users\михаил\documents\мгту дз и прочие\4 сем\winapi\лабораторная 1\лабораторная 1\debug\лабораторная 1.tlog\link.15912.read.1.tlog
c:\users\михаил\documents\мгту дз и прочие\4 сем\winapi\лабораторная 1\лабораторная 1\debug\лабораторная 1.tlog\link.15912.write.1.tlog
c:\users\михаил\documents\мгту дз и прочие\4 сем\winapi\лабораторная 1\лабораторная 1\debug\лабораторная 1.tlog\link.command.1.tlog
c:\users\михаил\documents\мгту дз и прочие\4 сем\winapi\лабораторная 1\лабораторная 1\debug\лабораторная 1.tlog\link.read.1.tlog
c:\users\михаил\documents\мгту дз и прочие\4 сем\winapi\лабораторная 1\лабораторная 1\debug\лабораторная 1.tlog\link.write.1.tlog
