c:\users\михаил\documents\решения на c++\пнаокиш\лабораторная 5\vector\check\debug\vc142.pdb
c:\users\михаил\documents\решения на c++\пнаокиш\лабораторная 5\vector\check\debug\vc142.idb
c:\users\михаил\documents\решения на c++\пнаокиш\лабораторная 5\vector\check\debug\check.obj
c:\users\михаил\documents\решения на c++\пнаокиш\лабораторная 5\vector\debug\check.ilk
c:\users\михаил\documents\решения на c++\пнаокиш\лабораторная 5\vector\debug\check.exe
c:\users\михаил\documents\решения на c++\пнаокиш\лабораторная 5\vector\debug\check.pdb
c:\users\михаил\documents\решения на c++\пнаокиш\лабораторная 5\vector\check\debug\check.tlog\cl.command.1.tlog
c:\users\михаил\documents\решения на c++\пнаокиш\лабораторная 5\vector\check\debug\check.tlog\cl.read.1.tlog
c:\users\михаил\documents\решения на c++\пнаокиш\лабораторная 5\vector\check\debug\check.tlog\cl.write.1.tlog
c:\users\михаил\documents\решения на c++\пнаокиш\лабораторная 5\vector\check\debug\check.tlog\link-cvtres.read.1.tlog
c:\users\михаил\documents\решения на c++\пнаокиш\лабораторная 5\vector\check\debug\check.tlog\link-cvtres.write.1.tlog
c:\users\михаил\documents\решения на c++\пнаокиш\лабораторная 5\vector\check\debug\check.tlog\link-rc.read.1.tlog
c:\users\михаил\documents\решения на c++\пнаокиш\лабораторная 5\vector\check\debug\check.tlog\link-rc.write.1.tlog
c:\users\михаил\documents\решения на c++\пнаокиш\лабораторная 5\vector\check\debug\check.tlog\link.14392-cvtres.read.1.tlog
c:\users\михаил\documents\решения на c++\пнаокиш\лабораторная 5\vector\check\debug\check.tlog\link.14392-cvtres.write.1.tlog
c:\users\михаил\documents\решения на c++\пнаокиш\лабораторная 5\vector\check\debug\check.tlog\link.14392-rc.read.1.tlog
c:\users\михаил\documents\решения на c++\пнаокиш\лабораторная 5\vector\check\debug\check.tlog\link.14392-rc.write.1.tlog
c:\users\михаил\documents\решения на c++\пнаокиш\лабораторная 5\vector\check\debug\check.tlog\link.14392.read.1.tlog
c:\users\михаил\documents\решения на c++\пнаокиш\лабораторная 5\vector\check\debug\check.tlog\link.14392.write.1.tlog
c:\users\михаил\documents\решения на c++\пнаокиш\лабораторная 5\vector\check\debug\check.tlog\link.command.1.tlog
c:\users\михаил\documents\решения на c++\пнаокиш\лабораторная 5\vector\check\debug\check.tlog\link.read.1.tlog
c:\users\михаил\documents\решения на c++\пнаокиш\лабораторная 5\vector\check\debug\check.tlog\link.write.1.tlog
